Arguments: 
  /home/timo/.nvm/versions/node/v16.14.0/bin/node /home/timo/.yarn/bin/yarn.js add -D prettier tslint tslin-config-prettier

PATH: 
  /home/timo/.yarn/bin:/home/timo/.config/yarn/global/node_modules/.bin:/home/timo/path:/home/timo/.deno/bin:/home/timo/.cabal/bin:/home/timo/.ghcup/bin:/home/timo/Android/Sdk/tools/bin:/home/timo/.yarn/bin:/home/timo/.local/bin:/home/timo/.nvm/versions/node/v16.14.0/bin:/home/timo/.yarn/bin:/home/timo/.config/yarn/global/node_modules/.bin:/home/timo/path:/home/timo/.deno/bin:/home/timo/.cabal/bin:/home/timo/.ghcup/bin:/home/timo/.rvm/gems/ruby-3.0.0/bin:/home/timo/.rvm/gems/ruby-3.0.0@global/bin:/home/timo/.rvm/rubies/ruby-3.0.0/bin:/home/timo/Android/Sdk/tools/bin:/home/timo/.yarn/bin:/home/timo/.local/bin:/usr/local/sbin:/usr/local/bin:/usr/sbin:/usr/bin:/sbin:/bin:/usr/games:/usr/local/games:/snap/bin:/home/timo/.dotnet/tools:/home/timo/mycroft-core/bin:/home/timo/.rvm/bin:/home/timo/.dotnet/tools:/home/timo/tizen-studio/tools/ide/bin:/home/timo/anaconda3/bin:/home/timo/Android/Sdk/emulator:/home/timo/Android/Sdk/tools:/home/timo/Android/Sdk/tools/bin:/home/timo/Android/Sdk/platform-tools:/home/timo/.rvm/bin:/home/timo/mycroft-core/bin:/home/timo/.rvm/bin:/home/timo/tizen-studio/tools/ide/bin:/home/timo/anaconda3/bin:/home/timo/Android/Sdk/emulator:/home/timo/Android/Sdk/tools:/home/timo/Android/Sdk/tools/bin:/home/timo/Android/Sdk/platform-tools:/home/timo/.rvm/bin

Yarn version: 
  1.22.17

Node version: 
  16.14.0

Platform: 
  linux x64

Trace: 
  Error: https://registry.yarnpkg.com/tslin-config-prettier: Not found
      at Request.params.callback [as _callback] (/home/timo/.yarn/lib/cli.js:67029:18)
      at Request.self.callback (/home/timo/.yarn/lib/cli.js:140883:22)
      at Request.emit (node:events:520:28)
      at Request.<anonymous> (/home/timo/.yarn/lib/cli.js:141855:10)
      at Request.emit (node:events:520:28)
      at IncomingMessage.<anonymous> (/home/timo/.yarn/lib/cli.js:141777:12)
      at Object.onceWrapper (node:events:639:28)
      at IncomingMessage.emit (node:events:532:35)
      at endReadableNT (node:internal/streams/readable:1346:12)
      at processTicksAndRejections (node:internal/process/task_queues:83:21)

npm manifest: 
  {
    "name": "linearAlgebra",
    "version": "1.0.0",
    "main": "index.js",
    "license": "MIT",
    "devDependencies": {
      "typescript": "^4.6.2"
    }
  }

yarn manifest: 
  No manifest

Lockfile: 
  # THIS IS AN AUTOGENERATED FILE. DO NOT EDIT THIS FILE DIRECTLY.
  # yarn lockfile v1
  
  
  typescript@^4.6.2:
    version "4.6.2"
    resolved "https://registry.yarnpkg.com/typescript/-/typescript-4.6.2.tgz#fe12d2727b708f4eef40f51598b3398baa9611d4"
    integrity sha512-HM/hFigTBHZhLXshn9sN37H085+hQGeJHJ/X7LpBWLID/fbc2acUMfU+lGD98X81sKP+pFa9f0DZmCwB9GnbAg==
